<?xml version="1.0" encoding="UTF-8"?>
<!-- Generated by org.testng.reporters.JUnitXMLReporter -->
<testsuite ignored="0" hostname="LAPTOP-1N3TH4EI" failures="3" tests="8" name="Test" time="197.917" errors="0" timestamp="2023-10-17T21:00:14 IST">
  <testcase classname="contactsTest.CreateContact" name="createContactTest" time="36.578"/>
  <testcase classname="contactsTest.CreateContactWithOrganizationUsingBaseClass" name="CreateContactWithOrganization" time="16.958">
    <failure type="java.lang.AssertionError" message="null">
      <![CDATA[java.lang.AssertionError: null
at contactsTest.CreateContactWithOrganizationUsingBaseClass.CreateContactWithOrganization(CreateContactWithOrganizationUsingBaseClass.java:52)
at java.base/java.util.ArrayList.forEach(ArrayList.java:1541)
... Removed 29 stack frames]]>
    </failure>
  </testcase> <!-- CreateContactWithOrganization -->
  <testcase classname="contactsTest.CreateContactWithOrganizationUsingBaseClass" name="demo" time="0.006"/>
  <testcase classname="organizationTests.CreateMultipleOrganizationWithIndustry" name="createMultipleOrg" time="21.32"/>
  <testcase classname="organizationTests.CreateMultipleOrganizationWithIndustry" name="createMultipleOrg" time="24.211"/>
  <testcase classname="organizationTests.CreateMultipleOrganizationWithIndustry" name="createMultipleOrg" time="25.712"/>
  <testcase classname="organizationTests.CreateMultipleOrganizationWithIndustry" name="createMultipleOrg" time="27.632">
    <failure type="org.openqa.selenium.NoSuchElementException" message="Cannot locate option with text: Educationn
For documentation on this error, please visit: https://www.selenium.dev/documentation/webdriver/troubleshooting/errors#no-such-element-exception
Build info: version: &amp;apos;4.10.0&amp;apos;, revision: &amp;apos;c14d967899&amp;apos;
System info: os.name: &amp;apos;Windows 11&amp;apos;, os.arch: &amp;apos;amd64&amp;apos;, os.version: &amp;apos;10.0&amp;apos;, java.version: &amp;apos;11.0.14.1&amp;apos;
Driver info: driver.version: unknown">
      <![CDATA[org.openqa.selenium.NoSuchElementException: Cannot locate option with text: Educationn
For documentation on this error, please visit: https://www.selenium.dev/documentation/webdriver/troubleshooting/errors#no-such-element-exception
Build info: version: '4.10.0', revision: 'c14d967899'
System info: os.name: 'Windows 11', os.arch: 'amd64', os.version: '10.0', java.version: '11.0.14.1'
Driver info: driver.version: unknown
at org.openqa.selenium.support.ui.Select.selectByVisibleText(Select.java:153)
at genericUtilities.WebDriverUtility.handleDropDown(WebDriverUtility.java:110)
at objectRepository.CreateNewOrganizationPage.createNewOrganization(CreateNewOrganizationPage.java:51)
at organizationTests.CreateMultipleOrganizationWithIndustry.createMultipleOrg(CreateMultipleOrganizationWithIndustry.java:68)
at java.base/java.util.ArrayList.forEach(ArrayList.java:1541)
... Removed 27 stack frames]]>
    </failure>
  </testcase> <!-- createMultipleOrg -->
  <testcase classname="organizationTests.CreateMultipleOrganizationWithIndustry" name="createMultipleOrg" time="26.836">
    <failure type="org.openqa.selenium.NoSuchElementException" message="Cannot locate option with text: IndustryName
For documentation on this error, please visit: https://www.selenium.dev/documentation/webdriver/troubleshooting/errors#no-such-element-exception
Build info: version: &amp;apos;4.10.0&amp;apos;, revision: &amp;apos;c14d967899&amp;apos;
System info: os.name: &amp;apos;Windows 11&amp;apos;, os.arch: &amp;apos;amd64&amp;apos;, os.version: &amp;apos;10.0&amp;apos;, java.version: &amp;apos;11.0.14.1&amp;apos;
Driver info: driver.version: unknown">
      <![CDATA[org.openqa.selenium.NoSuchElementException: Cannot locate option with text: IndustryName
For documentation on this error, please visit: https://www.selenium.dev/documentation/webdriver/troubleshooting/errors#no-such-element-exception
Build info: version: '4.10.0', revision: 'c14d967899'
System info: os.name: 'Windows 11', os.arch: 'amd64', os.version: '10.0', java.version: '11.0.14.1'
Driver info: driver.version: unknown
at org.openqa.selenium.support.ui.Select.selectByVisibleText(Select.java:153)
at genericUtilities.WebDriverUtility.handleDropDown(WebDriverUtility.java:110)
at objectRepository.CreateNewOrganizationPage.createNewOrganization(CreateNewOrganizationPage.java:51)
at organizationTests.CreateMultipleOrganizationWithIndustry.createMultipleOrg(CreateMultipleOrganizationWithIndustry.java:68)
at java.base/java.util.ArrayList.forEach(ArrayList.java:1541)
... Removed 27 stack frames]]>
    </failure>
  </testcase> <!-- createMultipleOrg -->
</testsuite> <!-- Test -->
