<?xml version="1.0" encoding="UTF-8"?>
<testng-results ignored="0" total="8" passed="5" failed="3" skipped="0">
  <reporter-output>
    <line>
      <![CDATA[clicked on organization]]>
    </line>
    <line>
      <![CDATA[clicked on organization look up img]]>
    </line>
    <line>
      <![CDATA[New organzation created]]>
    </line>
    <line>
      <![CDATA[Clicked on create contact lookup img]]>
    </line>
  </reporter-output>
  <suite started-at="2023-10-17T20:56:56 IST" name="Suite" finished-at="2023-10-17T21:00:14 IST" duration-ms="197917">
    <groups>
      <group name="ReggressionSuite">
        <method signature="CreateContactWithOrganizationUsingBaseClass.CreateContactWithOrganization()[pri:0, instance:contactsTest.CreateContactWithOrganizationUsingBaseClass@626abbd0]" name="CreateContactWithOrganization" class="contactsTest.CreateContactWithOrganizationUsingBaseClass"/>
      </group> <!-- ReggressionSuite -->
    </groups>
    <test started-at="2023-10-17T20:56:56 IST" name="Test" finished-at="2023-10-17T21:00:14 IST" duration-ms="197917">
      <class name="contactsTest.CreateContactWithOrganizationUsingBaseClass">
        <test-method is-config="true" signature="bsConfig()[pri:0, instance:contactsTest.CreateContactWithOrganizationUsingBaseClass@626abbd0]" started-at="2023-10-17T20:56:56 IST" name="bsConfig" finished-at="2023-10-17T20:56:56 IST" duration-ms="37" status="PASS">
          <reporter-output>
          </reporter-output>
        </test-method> <!-- bsConfig -->
        <test-method is-config="true" signature="bcConfig()[pri:0, instance:contactsTest.CreateContactWithOrganizationUsingBaseClass@626abbd0]" started-at="2023-10-17T20:57:34 IST" name="bcConfig" finished-at="2023-10-17T20:57:37 IST" duration-ms="3044" status="PASS">
          <reporter-output>
          </reporter-output>
        </test-method> <!-- bcConfig -->
        <test-method is-config="true" signature="bmConfig()[pri:0, instance:contactsTest.CreateContactWithOrganizationUsingBaseClass@626abbd0]" started-at="2023-10-17T20:57:37 IST" name="bmConfig" finished-at="2023-10-17T20:57:40 IST" duration-ms="3025" status="PASS">
          <reporter-output>
          </reporter-output>
        </test-method> <!-- bmConfig -->
        <test-method signature="CreateContactWithOrganization()[pri:0, instance:contactsTest.CreateContactWithOrganizationUsingBaseClass@626abbd0]" started-at="2023-10-17T20:57:40 IST" name="CreateContactWithOrganization" finished-at="2023-10-17T20:57:57 IST" duration-ms="16958" status="FAIL">
          <exception class="java.lang.AssertionError">
            <message>
              <![CDATA[null]]>
            </message>
            <full-stacktrace>
              <![CDATA[java.lang.AssertionError: null
at org.testng.Assert.fail(Assert.java:111)
at org.testng.Assert.fail(Assert.java:116)
at contactsTest.CreateContactWithOrganizationUsingBaseClass.CreateContactWithOrganization(CreateContactWithOrganizationUsingBaseClass.java:52)
at java.base/jdk.internal.reflect.NativeMethodAccessorImpl.invoke0(Native Method)
at java.base/jdk.internal.reflect.NativeMethodAccessorImpl.invoke(NativeMethodAccessorImpl.java:62)
at java.base/jdk.internal.reflect.DelegatingMethodAccessorImpl.invoke(DelegatingMethodAccessorImpl.java:43)
at java.base/java.lang.reflect.Method.invoke(Method.java:566)
at org.testng.internal.invokers.MethodInvocationHelper.invokeMethod(MethodInvocationHelper.java:139)
at org.testng.internal.invokers.TestInvoker.invokeMethod(TestInvoker.java:664)
at org.testng.internal.invokers.TestInvoker.invokeTestMethod(TestInvoker.java:227)
at org.testng.internal.invokers.MethodRunner.runInSequence(MethodRunner.java:50)
at org.testng.internal.invokers.TestInvoker$MethodInvocationAgent.invoke(TestInvoker.java:957)
at org.testng.internal.invokers.TestInvoker.invokeTestMethods(TestInvoker.java:200)
at org.testng.internal.invokers.TestMethodWorker.invokeTestMethods(TestMethodWorker.java:148)
at org.testng.internal.invokers.TestMethodWorker.run(TestMethodWorker.java:128)
at java.base/java.util.ArrayList.forEach(ArrayList.java:1541)
at org.testng.TestRunner.privateRun(TestRunner.java:848)
at org.testng.TestRunner.run(TestRunner.java:621)
at org.testng.SuiteRunner.runTest(SuiteRunner.java:443)
at org.testng.SuiteRunner.runSequentially(SuiteRunner.java:437)
at org.testng.SuiteRunner.privateRun(SuiteRunner.java:397)
at org.testng.SuiteRunner.run(SuiteRunner.java:336)
at org.testng.SuiteRunnerWorker.runSuite(SuiteRunnerWorker.java:52)
at org.testng.SuiteRunnerWorker.run(SuiteRunnerWorker.java:95)
at org.testng.TestNG.runSuitesSequentially(TestNG.java:1280)
at org.testng.TestNG.runSuitesLocally(TestNG.java:1200)
at org.testng.TestNG.runSuites(TestNG.java:1114)
at org.testng.TestNG.run(TestNG.java:1082)
at org.testng.remote.AbstractRemoteTestNG.run(AbstractRemoteTestNG.java:115)
at org.testng.remote.RemoteTestNG.initAndRun(RemoteTestNG.java:251)
at org.testng.remote.RemoteTestNG.main(RemoteTestNG.java:77)
]]>
            </full-stacktrace>
          </exception> <!-- java.lang.AssertionError -->
          <reporter-output>
            <line>
              <![CDATA[clicked on organization]]>
            </line>
            <line>
              <![CDATA[clicked on organization look up img]]>
            </line>
            <line>
              <![CDATA[New organzation created]]>
            </line>
            <line>
              <![CDATA[Clicked on create contact lookup img]]>
            </line>
          </reporter-output>
        </test-method> <!-- CreateContactWithOrganization -->
        <test-method is-config="true" signature="amConfig()[pri:0, instance:contactsTest.CreateContactWithOrganizationUsingBaseClass@626abbd0]" started-at="2023-10-17T20:57:57 IST" name="amConfig" finished-at="2023-10-17T20:58:00 IST" duration-ms="2838" status="PASS">
          <reporter-output>
          </reporter-output>
        </test-method> <!-- amConfig -->
        <test-method is-config="true" signature="bmConfig()[pri:0, instance:contactsTest.CreateContactWithOrganizationUsingBaseClass@626abbd0]" started-at="2023-10-17T20:58:00 IST" name="bmConfig" finished-at="2023-10-17T20:58:03 IST" duration-ms="2869" status="PASS">
          <reporter-output>
          </reporter-output>
        </test-method> <!-- bmConfig -->
        <test-method signature="demo()[pri:0, instance:contactsTest.CreateContactWithOrganizationUsingBaseClass@626abbd0]" started-at="2023-10-17T20:58:03 IST" name="demo" finished-at="2023-10-17T20:58:03 IST" duration-ms="6" status="PASS">
          <reporter-output>
          </reporter-output>
        </test-method> <!-- demo -->
        <test-method is-config="true" signature="amConfig()[pri:0, instance:contactsTest.CreateContactWithOrganizationUsingBaseClass@626abbd0]" started-at="2023-10-17T20:58:03 IST" name="amConfig" finished-at="2023-10-17T20:58:07 IST" duration-ms="4883" status="PASS">
          <reporter-output>
          </reporter-output>
        </test-method> <!-- amConfig -->
        <test-method is-config="true" signature="acConfig()[pri:0, instance:contactsTest.CreateContactWithOrganizationUsingBaseClass@626abbd0]" started-at="2023-10-17T20:58:07 IST" name="acConfig" finished-at="2023-10-17T20:58:08 IST" duration-ms="383" status="PASS">
          <reporter-output>
          </reporter-output>
        </test-method> <!-- acConfig -->
        <test-method is-config="true" signature="asConfig()[pri:0, instance:contactsTest.CreateContactWithOrganizationUsingBaseClass@626abbd0]" started-at="2023-10-17T21:00:15 IST" name="asConfig" finished-at="2023-10-17T21:00:15 IST" duration-ms="1" status="PASS">
          <reporter-output>
          </reporter-output>
        </test-method> <!-- asConfig -->
      </class> <!-- contactsTest.CreateContactWithOrganizationUsingBaseClass -->
      <class name="contactsTest.CreateContact">
        <test-method signature="createContactTest()[pri:0, instance:contactsTest.CreateContact@2de56eb2]" started-at="2023-10-17T20:56:57 IST" name="createContactTest" finished-at="2023-10-17T20:57:34 IST" duration-ms="36578" status="PASS">
          <reporter-output>
          </reporter-output>
        </test-method> <!-- createContactTest -->
      </class> <!-- contactsTest.CreateContact -->
      <class name="organizationTests.CreateMultipleOrganizationWithIndustry">
        <test-method signature="createMultipleOrg(java.lang.String,java.lang.String)[pri:0, instance:organizationTests.CreateMultipleOrganizationWithIndustry@169bb4dd]" started-at="2023-10-17T20:58:08 IST" name="createMultipleOrg" data-provider="getData" finished-at="2023-10-17T20:58:29 IST" duration-ms="21320" status="PASS">
          <params>
            <param index="0">
              <value>
                <![CDATA[Wipro]]>
              </value>
            </param>
            <param index="1">
              <value>
                <![CDATA[Chemicals]]>
              </value>
            </param>
          </params>
          <reporter-output>
          </reporter-output>
        </test-method> <!-- createMultipleOrg -->
        <test-method signature="createMultipleOrg(java.lang.String,java.lang.String)[pri:0, instance:organizationTests.CreateMultipleOrganizationWithIndustry@169bb4dd]" started-at="2023-10-17T20:58:29 IST" name="createMultipleOrg" data-provider="getData" finished-at="2023-10-17T20:58:54 IST" duration-ms="24211" status="PASS">
          <params>
            <param index="0">
              <value>
                <![CDATA[Infosys]]>
              </value>
            </param>
            <param index="1">
              <value>
                <![CDATA[Healthcare]]>
              </value>
            </param>
          </params>
          <reporter-output>
          </reporter-output>
        </test-method> <!-- createMultipleOrg -->
        <test-method signature="createMultipleOrg(java.lang.String,java.lang.String)[pri:0, instance:organizationTests.CreateMultipleOrganizationWithIndustry@169bb4dd]" started-at="2023-10-17T20:58:54 IST" name="createMultipleOrg" data-provider="getData" finished-at="2023-10-17T20:59:19 IST" duration-ms="25712" status="PASS">
          <params>
            <param index="0">
              <value>
                <![CDATA[KFC]]>
              </value>
            </param>
            <param index="1">
              <value>
                <![CDATA[Energy]]>
              </value>
            </param>
          </params>
          <reporter-output>
          </reporter-output>
        </test-method> <!-- createMultipleOrg -->
        <test-method signature="createMultipleOrg(java.lang.String,java.lang.String)[pri:0, instance:organizationTests.CreateMultipleOrganizationWithIndustry@169bb4dd]" started-at="2023-10-17T20:59:19 IST" name="createMultipleOrg" data-provider="getData" finished-at="2023-10-17T20:59:47 IST" duration-ms="27632" status="FAIL">
          <params>
            <param index="0">
              <value>
                <![CDATA[Dominos]]>
              </value>
            </param>
            <param index="1">
              <value>
                <![CDATA[Educationn]]>
              </value>
            </param>
          </params>
          <exception class="org.openqa.selenium.NoSuchElementException">
            <message>
              <![CDATA[Cannot locate option with text: Educationn
For documentation on this error, please visit: https://www.selenium.dev/documentation/webdriver/troubleshooting/errors#no-such-element-exception
Build info: version: '4.10.0', revision: 'c14d967899'
System info: os.name: 'Windows 11', os.arch: 'amd64', os.version: '10.0', java.version: '11.0.14.1'
Driver info: driver.version: unknown]]>
            </message>
            <full-stacktrace>
              <![CDATA[org.openqa.selenium.NoSuchElementException: Cannot locate option with text: Educationn
For documentation on this error, please visit: https://www.selenium.dev/documentation/webdriver/troubleshooting/errors#no-such-element-exception
Build info: version: '4.10.0', revision: 'c14d967899'
System info: os.name: 'Windows 11', os.arch: 'amd64', os.version: '10.0', java.version: '11.0.14.1'
Driver info: driver.version: unknown
at org.openqa.selenium.support.ui.Select.selectByVisibleText(Select.java:153)
at genericUtilities.WebDriverUtility.handleDropDown(WebDriverUtility.java:110)
at objectRepository.CreateNewOrganizationPage.createNewOrganization(CreateNewOrganizationPage.java:51)
at organizationTests.CreateMultipleOrganizationWithIndustry.createMultipleOrg(CreateMultipleOrganizationWithIndustry.java:68)
at java.base/jdk.internal.reflect.NativeMethodAccessorImpl.invoke0(Native Method)
at java.base/jdk.internal.reflect.NativeMethodAccessorImpl.invoke(NativeMethodAccessorImpl.java:62)
at java.base/jdk.internal.reflect.DelegatingMethodAccessorImpl.invoke(DelegatingMethodAccessorImpl.java:43)
at java.base/java.lang.reflect.Method.invoke(Method.java:566)
at org.testng.internal.invokers.MethodInvocationHelper.invokeMethod(MethodInvocationHelper.java:139)
at org.testng.internal.invokers.TestInvoker.invokeMethod(TestInvoker.java:664)
at org.testng.internal.invokers.TestInvoker.invokeTestMethod(TestInvoker.java:227)
at org.testng.internal.invokers.MethodRunner.runInSequence(MethodRunner.java:50)
at org.testng.internal.invokers.TestInvoker$MethodInvocationAgent.invoke(TestInvoker.java:957)
at org.testng.internal.invokers.TestInvoker.invokeTestMethods(TestInvoker.java:200)
at org.testng.internal.invokers.TestMethodWorker.invokeTestMethods(TestMethodWorker.java:148)
at org.testng.internal.invokers.TestMethodWorker.run(TestMethodWorker.java:128)
at java.base/java.util.ArrayList.forEach(ArrayList.java:1541)
at org.testng.TestRunner.privateRun(TestRunner.java:848)
at org.testng.TestRunner.run(TestRunner.java:621)
at org.testng.SuiteRunner.runTest(SuiteRunner.java:443)
at org.testng.SuiteRunner.runSequentially(SuiteRunner.java:437)
at org.testng.SuiteRunner.privateRun(SuiteRunner.java:397)
at org.testng.SuiteRunner.run(SuiteRunner.java:336)
at org.testng.SuiteRunnerWorker.runSuite(SuiteRunnerWorker.java:52)
at org.testng.SuiteRunnerWorker.run(SuiteRunnerWorker.java:95)
at org.testng.TestNG.runSuitesSequentially(TestNG.java:1280)
at org.testng.TestNG.runSuitesLocally(TestNG.java:1200)
at org.testng.TestNG.runSuites(TestNG.java:1114)
at org.testng.TestNG.run(TestNG.java:1082)
at org.testng.remote.AbstractRemoteTestNG.run(AbstractRemoteTestNG.java:115)
at org.testng.remote.RemoteTestNG.initAndRun(RemoteTestNG.java:251)
at org.testng.remote.RemoteTestNG.main(RemoteTestNG.java:77)
]]>
            </full-stacktrace>
          </exception> <!-- org.openqa.selenium.NoSuchElementException -->
          <reporter-output>
          </reporter-output>
        </test-method> <!-- createMultipleOrg -->
        <test-method signature="createMultipleOrg(java.lang.String,java.lang.String)[pri:0, instance:organizationTests.CreateMultipleOrganizationWithIndustry@169bb4dd]" started-at="2023-10-17T20:59:47 IST" name="createMultipleOrg" data-provider="getData" finished-at="2023-10-17T21:00:14 IST" duration-ms="26836" status="FAIL">
          <params>
            <param index="0">
              <value>
                <![CDATA[OrgName]]>
              </value>
            </param>
            <param index="1">
              <value>
                <![CDATA[IndustryName]]>
              </value>
            </param>
          </params>
          <exception class="org.openqa.selenium.NoSuchElementException">
            <message>
              <![CDATA[Cannot locate option with text: IndustryName
For documentation on this error, please visit: https://www.selenium.dev/documentation/webdriver/troubleshooting/errors#no-such-element-exception
Build info: version: '4.10.0', revision: 'c14d967899'
System info: os.name: 'Windows 11', os.arch: 'amd64', os.version: '10.0', java.version: '11.0.14.1'
Driver info: driver.version: unknown]]>
            </message>
            <full-stacktrace>
              <![CDATA[org.openqa.selenium.NoSuchElementException: Cannot locate option with text: IndustryName
For documentation on this error, please visit: https://www.selenium.dev/documentation/webdriver/troubleshooting/errors#no-such-element-exception
Build info: version: '4.10.0', revision: 'c14d967899'
System info: os.name: 'Windows 11', os.arch: 'amd64', os.version: '10.0', java.version: '11.0.14.1'
Driver info: driver.version: unknown
at org.openqa.selenium.support.ui.Select.selectByVisibleText(Select.java:153)
at genericUtilities.WebDriverUtility.handleDropDown(WebDriverUtility.java:110)
at objectRepository.CreateNewOrganizationPage.createNewOrganization(CreateNewOrganizationPage.java:51)
at organizationTests.CreateMultipleOrganizationWithIndustry.createMultipleOrg(CreateMultipleOrganizationWithIndustry.java:68)
at java.base/jdk.internal.reflect.NativeMethodAccessorImpl.invoke0(Native Method)
at java.base/jdk.internal.reflect.NativeMethodAccessorImpl.invoke(NativeMethodAccessorImpl.java:62)
at java.base/jdk.internal.reflect.DelegatingMethodAccessorImpl.invoke(DelegatingMethodAccessorImpl.java:43)
at java.base/java.lang.reflect.Method.invoke(Method.java:566)
at org.testng.internal.invokers.MethodInvocationHelper.invokeMethod(MethodInvocationHelper.java:139)
at org.testng.internal.invokers.TestInvoker.invokeMethod(TestInvoker.java:664)
at org.testng.internal.invokers.TestInvoker.invokeTestMethod(TestInvoker.java:227)
at org.testng.internal.invokers.MethodRunner.runInSequence(MethodRunner.java:50)
at org.testng.internal.invokers.TestInvoker$MethodInvocationAgent.invoke(TestInvoker.java:957)
at org.testng.internal.invokers.TestInvoker.invokeTestMethods(TestInvoker.java:200)
at org.testng.internal.invokers.TestMethodWorker.invokeTestMethods(TestMethodWorker.java:148)
at org.testng.internal.invokers.TestMethodWorker.run(TestMethodWorker.java:128)
at java.base/java.util.ArrayList.forEach(ArrayList.java:1541)
at org.testng.TestRunner.privateRun(TestRunner.java:848)
at org.testng.TestRunner.run(TestRunner.java:621)
at org.testng.SuiteRunner.runTest(SuiteRunner.java:443)
at org.testng.SuiteRunner.runSequentially(SuiteRunner.java:437)
at org.testng.SuiteRunner.privateRun(SuiteRunner.java:397)
at org.testng.SuiteRunner.run(SuiteRunner.java:336)
at org.testng.SuiteRunnerWorker.runSuite(SuiteRunnerWorker.java:52)
at org.testng.SuiteRunnerWorker.run(SuiteRunnerWorker.java:95)
at org.testng.TestNG.runSuitesSequentially(TestNG.java:1280)
at org.testng.TestNG.runSuitesLocally(TestNG.java:1200)
at org.testng.TestNG.runSuites(TestNG.java:1114)
at org.testng.TestNG.run(TestNG.java:1082)
at org.testng.remote.AbstractRemoteTestNG.run(AbstractRemoteTestNG.java:115)
at org.testng.remote.RemoteTestNG.initAndRun(RemoteTestNG.java:251)
at org.testng.remote.RemoteTestNG.main(RemoteTestNG.java:77)
]]>
            </full-stacktrace>
          </exception> <!-- org.openqa.selenium.NoSuchElementException -->
          <reporter-output>
          </reporter-output>
        </test-method> <!-- createMultipleOrg -->
      </class> <!-- organizationTests.CreateMultipleOrganizationWithIndustry -->
    </test> <!-- Test -->
  </suite> <!-- Suite -->
</testng-results>
